Symbol range map extraction starting
Processing 20 files
startProcessing "com\gulhavard\nationcraft\Main.java" md5: eae8f4890e21ce409deddef850c6c379
endProcessing "com\gulhavard\nationcraft\Main.java"

startProcessing "com\gulhavard\nationcraft\blocks\BlockBase.java" md5: cb0e16d95ccb21f944e05ccf0267d52d
Cache Hit!
endProcessing "com\gulhavard\nationcraft\blocks\BlockBase.java"

startProcessing "com\gulhavard\nationcraft\blocks\BlockOre.java" md5: 24bc1fc43ab3e648873cd81a78a4705a
endProcessing "com\gulhavard\nationcraft\blocks\BlockOre.java"

startProcessing "com\gulhavard\nationcraft\blocks\item\ItemBlockVariants.java" md5: bf0fba7395e5c9e56536181b00390ceb
endProcessing "com\gulhavard\nationcraft\blocks\item\ItemBlockVariants.java"

startProcessing "com\gulhavard\nationcraft\gen\WorldGen.java" md5: 1a28f30a7fa00e8866d53ad342967cc9
endProcessing "com\gulhavard\nationcraft\gen\WorldGen.java"

startProcessing "com\gulhavard\nationcraft\init\ModBlocks.java" md5: 0aa044ca9d64915af50003aa35d75c78
endProcessing "com\gulhavard\nationcraft\init\ModBlocks.java"

startProcessing "com\gulhavard\nationcraft\init\ModItems.java" md5: 3231fd2b2489a9fa3450475d48581dcd
endProcessing "com\gulhavard\nationcraft\init\ModItems.java"

startProcessing "com\gulhavard\nationcraft\items\ItemBase.java" md5: 0a6c90b27ba164196b6f94bbb3839df2
Cache Hit!
endProcessing "com\gulhavard\nationcraft\items\ItemBase.java"

startProcessing "com\gulhavard\nationcraft\proxy\ClientProxy.java" md5: 351351a0f00d514675df1f773d73fbbb
endProcessing "com\gulhavard\nationcraft\proxy\ClientProxy.java"

startProcessing "com\gulhavard\nationcraft\proxy\CommonProxy.java" md5: e3c18e7bb6bc40a31db235f4c252d1c2
endProcessing "com\gulhavard\nationcraft\proxy\CommonProxy.java"

startProcessing "com\gulhavard\nationcraft\tools\ToolAxe.java" md5: ace7d709d2c32b66e2e33946e350666e
endProcessing "com\gulhavard\nationcraft\tools\ToolAxe.java"

startProcessing "com\gulhavard\nationcraft\tools\ToolHoe.java" md5: 36e301d17400adb1ff49a0b3c2e080bd
endProcessing "com\gulhavard\nationcraft\tools\ToolHoe.java"

startProcessing "com\gulhavard\nationcraft\tools\ToolPickaxe.java" md5: 84861c5c57a69cb3742d76af4b45d560
endProcessing "com\gulhavard\nationcraft\tools\ToolPickaxe.java"

startProcessing "com\gulhavard\nationcraft\tools\ToolShovel.java" md5: 45bfecec8948195b814f2f6c2a6bbf5e
endProcessing "com\gulhavard\nationcraft\tools\ToolShovel.java"

startProcessing "com\gulhavard\nationcraft\tools\ToolSword.java" md5: 8f68c60c355dcf1220f136e647b08971
endProcessing "com\gulhavard\nationcraft\tools\ToolSword.java"

startProcessing "com\gulhavard\nationcraft\util\IHasModel.java" md5: b41c0c44f04c7baf20dac00ff4cf626c
Cache Hit!
endProcessing "com\gulhavard\nationcraft\util\IHasModel.java"

startProcessing "com\gulhavard\nationcraft\util\IMetaName.java" md5: 45a2a797cd66669acce1c8aab0296fc5
endProcessing "com\gulhavard\nationcraft\util\IMetaName.java"

startProcessing "com\gulhavard\nationcraft\util\Reference.java" md5: 0d2094eef2f015e5ff334e0407fceab3
Cache Hit!
endProcessing "com\gulhavard\nationcraft\util\Reference.java"

startProcessing "com\gulhavard\nationcraft\util\handlers\EnumHandler.java" md5: ec272ce55dd407f06e4d31e3163df3b9
endProcessing "com\gulhavard\nationcraft\util\handlers\EnumHandler.java"

startProcessing "com\gulhavard\nationcraft\util\handlers\RegistryHandler.java" md5: 6205cdb516d4979b9b2ae01d9b707cfd
endProcessing "com\gulhavard\nationcraft\util\handlers\RegistryHandler.java"

